make.exe all --print-data-base --no-builtin-variables --no-builtin-rules --question
# GNU Make 4.3
# Built for Windows32
# Copyright (C) 1988-2020 Free Software Foundation, Inc.
# License GPLv3+: GNU GPL version 3 or later <http://gnu.org/licenses/gpl.html>
# This is free software: you are free to change and redistribute it.
# There is NO WARRANTY, to the extent permitted by law.
 

# Make data base, printed on Mon Oct 17 23:33:07 2022

# Variables

# environment
FPS_BROWSER_APP_PROFILE_STRING = Internet Explorer
# environment
SYSTEMDRIVE = C:
# environment
JAVA_HOME = C:\Program Files\Android\Android Studio\jre
# makefile (from 'Makefile', line 94)
OBJ = $(RES_RES:.res=.o) $(RES_S:.s=.o) $(RES_C:.c=.o) $(SRC_S80:.s80=.o) $(SRC_ASM:.asm=.o) $(SRC_S:.s=.o) $(SRC_C:.c=.o)
# environment
LC_ALL = C
# makefile (from 'Makefile', line 22)
SRC := src
# environment
USERPROFILE = C:\Users\david
# makefile (from 'Makefile', line 63)
SRC_C := src/main.c
# environment
LOCALAPPDATA = C:\Users\david\AppData\Local
# makefile (from 'Makefile', line 57)
RESCOMP := java -jar C:/SGDK/bin/rescomp.jar
# environment
VSCODE_CWD = C:\Program Files\Microsoft VS Code
# environment
PYTHON = C:\Users\david\AppData\Local\Programs\Python\Python36-32
# environment
CHOCOLATEYINSTALL = C:\ProgramData\chocolatey
# environment
SYSTEMROOT = C:\WINDOWS
# environment
PROCESSOR_LEVEL = 6
# environment
PSMODULEPATH = C:\WINDOWS\system32\WindowsPowerShell\v1.0\Modules\;C:\Program Files (x86)\Microsoft SQL Server\150\Tools\PowerShell\Modules\
# makefile (from 'Makefile', line 20)
LIBINCLUDE := C:/SGDK/inc
# default
MAKE_COMMAND := C:/ProgramData/chocolatey/lib/make/tools/install/bin/make.exe
# automatic
@D = $(patsubst %/,%,$(patsubst %\,%,$(dir $@)))
# environment
CHROME_CRASHPAD_PIPE_NAME = \\.\pipe\crashpad_170116_BNMJPRCDEMHZTUUA
# makefile (from 'Makefile', line 23)
RES := res
# environment
FPS_BROWSER_USER_PROFILE_STRING = Default
# environment
VSCODE_HANDLES_UNCAUGHT_ERRORS = true
# default
.VARIABLES := 
# automatic
%D = $(patsubst %/,%,$(patsubst %\,%,$(dir $%)))
# automatic
^D = $(patsubst %/,%,$(patsubst %\,%,$(dir $^)))
# automatic
%F = $(notdir $%)
# environment
VSCODE_CODE_CACHE_PATH = C:\Users\david\AppData\Roaming\Code\CachedData\d045a5eda657f4d7b676dedbfa7aab8207f8a075
# environment
LANG = C
# default
.LOADED := 
# environment
TMP = C:\Users\david\AppData\Local\Temp
# default
.INCLUDE_DIRS = .
# environment
PROCESSOR_ARCHITEW6432 = AMD64
# makefile
MAKEFLAGS = pqrR
# environment
ONEDRIVE = C:\Users\david\OneDrive
# environment
ANDROID_NDK_HOME = C:\Users\david\AppData\Local\Android\Sdk\android-ndk-r13b
# environment
POWERSHELL_DISTRIBUTION_CHANNEL = MSI:Windows 10 Pro
# makefile
CURDIR := c:/Projects/SGDK_CollisionDetection
# environment
APPLICATION_INSIGHTS_NO_DIAGNOSTIC_CHANNEL = 1
# makefile (from 'Makefile', line 72)
SRC_ASM = $(wildcard *.asm) $(wildcard $(SRC)/*.asm) $(wildcard $(SRC)/*/*.asm) $(wildcard $(SRC)/*/*/*.asm)
# automatic
*D = $(patsubst %/,%,$(patsubst %\,%,$(dir $*)))
# environment
PROGRAMFILES = C:\Program Files (x86)
# environment
MFLAGS = -pqrR
# default
.SHELLFLAGS := -c
# environment
COMMONPROGRAMW6432 = C:\Program Files\Common Files
# automatic
+D = $(patsubst %/,%,$(patsubst %\,%,$(dir $+)))
# makefile (from 'Makefile', line 1)
MAKEFILE_LIST := Makefile
# automatic
@F = $(notdir $@)
# environment
VSCODE_PID = 170116
# automatic
?D = $(patsubst %/,%,$(patsubst %\,%,$(dir $?)))
# automatic
*F = $(notdir $*)
# makefile (from 'Makefile', line 16)
LIB := C:/SGDK/lib
# makefile (from 'Makefile', line 19)
LIBRES := C:/SGDK/res
# automatic
<D = $(patsubst %/,%,$(patsubst %\,%,$(dir $<)))
# makefile (from 'Makefile', line 56)
SIZEBND := java -jar C:/SGDK/bin/sizebnd.jar
# environment
VSCODE_NLS_CONFIG = {"locale":"en-us","availableLanguages":{},"_languagePackSupport":true}
# makefile (from 'Makefile', line 24)
INCLUDE := inc
# environment
ONEDRIVECONSUMER = C:\Users\david\OneDrive
# default
MAKE_HOST := Windows32
# environment
ANDROID_HOME = C:\Users\david\AppData\Local\Android\Sdk
# makefile (from 'Makefile', line 95)
OBJS := out/res/resources.o out/src/main.o
# environment
PROGRAMDATA = C:\ProgramData
# default
SHELL := C:/cygwin64/bin/sh.exe
# makefile (from 'Makefile', line 18)
LIBSRC := C:/SGDK/src
# environment
HOMEPATH = \Users\david
# default
MAKECMDGOALS := all
# environment
DRIVERDATA = C:\Windows\System32\Drivers\DriverData
# environment
COMSPEC = C:\WINDOWS\system32\cmd.exe
# environment
WINDIR 
 = C:\WINDOWS
# environment
MAKELEVEL := 0
# default
MAKE = $(MAKE_COMMAND)
# environment
PATH = C:\Python310\Scripts\;C:\Program Files\Common Files\Oracle\Java\javapath;C:\cygwin64\bin;C:\Python310\;C:\ProgramData\Oracle\Java\javapath;C:\WINDOWS\system32;C:\WINDOWS;C:\WINDOWS\System32\Wbem;C:\WINDOWS\System32\WindowsPowerShell\v1.0\;C:\WINDOWS\Microsoft.NET\Framework\v4.0.30319\;C:\Program Files (x86)\NuGet\nuget.exe;C:\Program Files (x86)\GtkSharp\2.12\bin;C:\Program Files (x86)\Java\jdk1.8.0_161\jre\bin;C:\Program Files (x86)\ATI Technologies\ATI.ACE\Core-Static;C:\Program Files (x86)\Java\jdk1.8.0_161\bin;C:\Users\david\AppData\Local\Programs\Python\Python36-32\;C:\WINDOWS\System32\OpenSSH\;C:\Users\david\AppData\Local\Microsoft\WindowsApps;C:\Users\david\AppData\Roaming\npm;C:\Users\david\;C:\WINDOWS\system32;C:\WINDOWS;C:\WINDOWS\System32\Wbem;C:\WINDOWS\System32\WindowsPowerShell\v1.0\;C:\WINDOWS\System32\OpenSSH\;C:\ProgramData\chocolatey\bin;C:\Windows\twain_32\CNQL60;C:\Program Files\nesasm\;C:\Program Files\dotnet\;C:\Program Files\NVIDIA Corporation\NVIDIA NvDLISR;C:\Program Files (x86)\NVIDIA Corporation\PhysX\Common;C:\Users\david\AppData\Roaming\nvm;;C:\Program Files\famitone5.0\text2data\;C:\cygwin64;C:\Program Files\cc65\bin;C:\tools\tmx2c;C:\tools\sprite_def2img;C:\tools\chr2img;C:\Program Files\Microsoft SQL Server\150\Tools\Binn\;C:\Program Files\text2data\;C:\Program Files\text2data;C:\Projects\SGDK\bin;C:\MinGW-m68k-elf-11.1.0\bin;C:\Program Files\Git\cmd;C:\Users\david\AppData\Roaming\nvm;;C:\Program Files\Microsoft SQL Server\Client SDK\ODBC\170\Tools\Binn\;C:\Program Files (x86)\Microsoft SQL Server\150\Tools\Binn\;C:\Program Files\Microsoft SQL Server\150\DTS\Binn\;C:\Program Files (x86)\Microsoft SQL Server\150\DTS\Binn\;C:\Program Files\Azure Data Studio\bin;C:\Program Files\Microsoft VS Code\bin;C:\SysGCC\m68k-elf\bin;C:\Program Files\PowerShell\7\;C:\Program Files\Docker\Docker\resources\bin;C:\ProgramData\DockerDesktop\version-bin;C:\ProgramData\nvm;C:\Program Files\nodejs;C:\Users\david\AppData\Local\Microsoft\WindowsApps;C:\tools\Cmder;C:\Program Files\nesasm\;C:\Users\david\.dotnet\tools;C:\Program Files\Azure Data Studio\bin;C:\Users\david\AppData\Local\gitkraken\bin;C:\Users\david\.dotnet\tools;C:\MinGW\bin;C:\P-ROC\cmake\bin;C:\Python27\Scripts;C:\Python27;C:\P-ROC\DLLs;C:\ProgramData\nvm;C:\Program Files\nodejs;C:\ProgramData\chocolatey\lib\mingw\tools\install\mingw64\bin;C:\Users\david\AppData\Local\Programs\Microsoft VS Code\bin;C:\Program Files\Azure Data Studio\bin
# makefile (from 'Makefile', line 79)
RES_S = $(wildcard $(RES)/*.s)
# environment
COMPUTERNAME = DESKTOP-VA22OGP
# default
MAKEFILES := 
# environment
KMP_DUPLICATE_LIB_OK = TRUE
# environment
CYGWIN_HOME = C:\cygwin64
# automatic
^F = $(notdir $^)
# makefile (from 'Makefile', line 54)
JAVA := java
# environment
PROMPT = $P$G
# environment
CHOCOLATEYLASTPATHUPDATE = 133082848498734095
# makefile (from 'Makefile', line 12)
OBJCPY := C:/sgdk/bin/objcopy.exe
# makefile (from 'Makefile', line 104)
INCS := -Iinc -Isrc -Ires -IC:/SGDK/inc -IC:/SGDK/res
# environment
LOGONSERVER = \\DESKTOP-VA22OGP
# environment
USERNAME = david
# environment
COMMONPROGRAMFILES = C:\Program Files (x86)\Common Files
# automatic
?F = $(notdir $?)
# environment
PROGRAMW6432 = C:\Program Files
# environment
GDK_WIN = C:\SGDK
# environment
PATHEXT = .COM;.EXE;.BAT;.CMD;.VBS;.VBE;.JS;.JSE;.WSF;.WSH;.MSC;.PY;.PYW
# automatic
+F = $(notdir $+)
# environment
ORIGINAL_XDG_CURRENT_DESKTOP = undefined
# environment
USERDOMAIN = DESKTOP-VA22OGP
# 'override' directive
GNUMAKEFLAGS := 
# makefile (from 'Makefile', line 86)
RES_DEPS = $(addprefix out/, $(RES_DEP))
# environment
VS140COMNTOOLS = C:\Program Files (x86)\Microsoft Visual Studio 14.0\Common7\Tools\
# environment
OS = Windows_NT
# makefile
.DEFAULT_GOAL := release
# makefile (from 'Makefile', line 84)
RES_H = $(RES_RES:.res=.h)
# environment
NVM_HOME = C:\ProgramData\nvm
# makefile (from 'Makefile', line 55)
ECHO := echo
# default
MAKE_VERSION := 4.3
# environment
PROGRAMFILES(X86) = C:\Program Files (x86)
# makefile (from 'Makefile', line 83)
RES_RS = $(RES_RES:.res=.rs)
# environment
USERDOMAIN_ROAMINGPROFILE = DESKTOP-VA22OGP
# environment
NUMBER_OF_PROCESSORS = 8
# environment
PUBLIC = C:\Users\Public
# makefile (from 'Makefile', line 78)
RES_C = $(wildcard $(RES)/*.c)
# makefile (from 'Makefile', line 105)
DEFAULT_FLAGS = $(EXTRA_FLAGS) -DSGDK_GCC -march=68000 -Wall -Wextra -Wno-shift-negative-value -Wno-main -Wno-unused-parameter -fno-builtin $(INCS) -B$(BIN)
# makefile (from 'Makefile', line 15)
BIN := C:/SGDK/bin
# environment
APPDATA = C:\Users\david\AppData\Roaming
# environment
HOMEDRIVE = C:
# makefile (from 'Makefile', line 85)
RES_DEP = $(RES_RES:.res=.d)
# environment
NVM_SYMLINK = C:\Program Files\nodejs
# environment
PROCESSOR_ARCHITECTURE = x86
# makefile (from 'Makefile', line 76)
SRC_S80 = $(wildcard *.s80) $(wildcard $(SRC)/*.s80) $(wildcard $(SRC)/*/*.s80) $(wildcard $(SRC)/*/*/*.s80)
# environment
VSCODE_AMD_ENTRYPOINT = vs/workbench/api/node/extensionHostProcess
# environment
HOME = C:\Projects\
# makefile (from 'Makefile', line 68)
SRC_S := 
# environment
COMMONPROGRAMFILES(X86) = C:\Program Files (x86)\Common Files
# environment
ELECTRON_RUN_AS_NODE = 1
# environment
TEMP = C:\Users\david\AppData\Local\Temp
# environment
VSCODE_IPC_HOOK = \\.\pipe\c5a5aa94e51481269b11c9790932dfeb-1.72.2-main-sock
# environment
SGDK_PATH = C:\sgdk
# makefile (from 'Makefile', line 13)
NM := C:/sgdk/bin/nm.exe
# default
.RECIPEPREFIX := 
# automatic
<F = $(notdir $<)
# makefile (from 'Makefile', line 101)
LST := src/main.lst
# makefile (from 'Makefile', line 97)
DEPS := out/res/resources.d out/src/main.d
# makefile (from 'Makefile', line 102)
LSTS := out/src/main.lst
# default
SUFFIXES := 
# environment
ALLUSERSPROFILE = C:\ProgramData
# makefile (from 'Makefile', line 11)
LD := C:/sgdk/bin/ld.exe
# environment
SESSIONNAME = Console
# default
.FEATURES := target-specific order-only second-expansion else-if shortest-stem undefine oneshell nocomment grouped-target extra-prereqs archives jobserver output-sync load
# makefile (from 'Makefile', line 8)
GDK := C:/SGDK
# environment
PROCESSOR_REVISION = 3a09
# makefile (from 'Makefile', line 10)
CC := C:/sgdk/bin/gcc.exe
# makefile (from 'Makefile', line 81)
RES_RES = $(wildcard *.res) $(wildcard $(RES)/*.res)
# environment
CHOCOLATEYTOOLSLOCATION = C:\tools
# environment
PROCESSOR_IDENTIFIER = Intel64 Family 6 Model 58 Stepping 9, GenuineIntel
# makefile (from 'Makefile', line 110)
FLAGSZ80 := -isrc -iinc -ires -iC:/SGDK/src -iC:/SGDK/inc
# variable set hash-table stats:
# Load=142/1024=14%, Rehash=0, Collisions=72/276=26%

# Pattern-specific Variable Values

# No pattern-specific variable values.

# Directories

# src/boot (key c:/Projects/SGDK_CollisionDetection/src/boot, mtime 1665980357): 4 files, no impossibilities.
# src (key c:/Projects/SGDK_CollisionDetection/src, mtime 1665980357): 4 files, no impossibilities.
# . (key c:/Projects/SGDK_CollisionDetection, mtime 1665850475): 9 files, no impossibilities.
# res (key c:/Projects/SGDK_CollisionDetection 
/res, mtime 1665980366): 6 files, no impossibilities.

# 23 files, no impossibilities in 4 directories.

# Implicit Rules

out/%.lst: %.c
#  recipe to execute (from 'Makefile', line 220):
	mkdir -p $(dir $@)
	$(CC) $(FLAGS) -c $< -o $@

out/%.o: %.c
#  recipe to execute (from 'Makefile', line 224):
	mkdir -p $(dir $@)
	$(CC) $(FLAGS) -MMD -c $< -o $@

out/%.o: %.s
#  recipe to execute (from 'Makefile', line 228):
	mkdir -p $(dir $@)
	$(CC) -x assembler-with-cpp $(FLAGS) -MMD -c $< -o $@

out/%.o: %.rs
#  recipe to execute (from 'Makefile', line 232):
	mkdir -p $(dir $@)
	$(CC) -x assembler-with-cpp $(FLAGS) -c $*.rs -o $@
	cp $*.d out/$*.d
	rm $*.d

%.rs: %.res
#  recipe to execute (from 'Makefile', line 238):
	$(RESCOMP) $*.res $*.rs -dep out/$*.o

%.s: %.asm
#  recipe to execute (from 'Makefile', line 241):
	mac68k -o $@ $<

%.o80: %.s80
#  recipe to execute (from 'Makefile', line 244):
	sjasm $(FLAGSZ80) $< $@ out.lst

%.s: %.o80
#  recipe to execute (from 'Makefile', line 247):
	bintos $<

# 8 implicit rules, 0 (0.0%) terminal.
# Files

cleanlst:
#  Implicit rule search has not been done.
#  Modification time never checked.
#  File has not been updated.
#  recipe to execute (from 'Makefile', line 145):
	rm -f $(LSTS)

cleandefault: clean
#  Implicit rule search has not been done.
#  Modification time never checked.
#  File has not been updated.

cleanDefault: clean
#  Implicit rule search has not been done.
#  Modification time never checked.
#  File has not been updated.

cleanasm: cleanlst
#  Implicit rule search has not been done.
#  Modification time never checked.
#  File has not been updated.

out/cmd_: out/res/resources.o out/src/main.o
#  Implicit rule search has not been done.
#  Modification time never checked.
#  File has not been updated.
#  recipe to execute (from 'Makefile', line 206):
	$(ECHO) "$(OBJS)" > out/cmd_

# Not a target:
out/res/resources.o:
#  Implicit rule search has not been done.
#  Modification time never checked.
#  File has not been updated.

# Not a target:
out/src/main.lst:
#  Implicit rule search has not been done.
#  Modification time never checked.
#  File has not been updated.

cleanrelease: clean
#  Implicit rule search has not been done.
#  Modification time never checked.
#  File has not been updated.

cleandebug: clean
#  Implicit rule search has not been done.
#  Modification time never checked.
#  File has not been updated.

Debug: debug
#  Implicit rule search has not been done.
#  Modification time never checked.
#  File has not been updated.

default: release
#  Implicit rule search has not been done.
#  Modification time never checked.
#  File has not been updated.

cleantmp:
#  Implicit rule search has not been done.
#  Modification time never checked.
#  File has not been updated.
#  recipe to execute (from 'Makefile', line 139):
	rm -f $(RES_RS)

out/rom.bin: out/rom.out
#  Implicit rule search has not been done.
#  Modification time never checked.
#  File has not been updated.
#  recipe to execute (from 'Makefile', line 183):
	$(OBJCPY) -O binary out/rom.out out/rom.bin
	$(SIZEBND) out/rom.bin -sizealign 131072 -checksum

# Not a target:
C:/SGDK/src/boot/sega.s:
#  Implicit rule search has not been done.
#  Modification time never checked.
#  File has not been updated.

src/boot/rom_head.c: C:/SGDK/src/boot/rom_head.c
#  Implicit rule search has not been done.
#  Modification time never checked.
#  File has not been updated.
#  recipe to execute (from 'Makefile', line 191):
	cp $< $@

cleandep:
#  Implicit rule search has not been done.
#  Modification time never  
checked.
#  File has not been updated.
#  recipe to execute (from 'Makefile', line 142):
	rm -f $(DEPS)

# makefile (from 'Makefile', line 121)
debug: LIBMD = $(LIB)/libmd_debug.a
# makefile (from 'Makefile', line 120)
debug: FLAGS = $(DEFAULT_FLAGS)
debug: pre-build out/rom.bin out/rom.out out/symbol.txt
#  Implicit rule search has not been done.
#  Modification time never checked.
#  File has not been updated.
# variable set hash-table stats:
# Load=2/32=6%, Rehash=0, Collisions=0/3=0%

# Not a target:
Makefile:
#  Implicit rule search has been done.
#  Last modified 2022-10-14 21:38:26
#  File has been updated.
#  Successfully updated.

cleanAsm: cleanasm
#  Implicit rule search has not been done.
#  Modification time never checked.
#  File has not been updated.

clean: cleanobj cleanboot cleanres cleanlst cleandep cleantmp
#  Phony target (prerequisite of .PHONY).
#  Implicit rule search has not been done.
#  File does not exist.
#  File has not been updated.
#  recipe to execute (from 'Makefile', line 158):
	rm -f out.lst out/cmd_ out/symbol.txt out/rom.nm out/rom.wch out/rom.bin out/res out/src out/rom.out

# Not a target:
C:/SGDK/src/boot/rom_head.c:
#  Implicit rule search has not been done.
#  Modification time never checked.
#  File has not been updated.

Asm: asm
#  Implicit rule search has not been done.
#  Modification time never checked.
#  File has not been updated.

cleanRelease: cleanrelease
#  Implicit rule search has not been done.
#  Modification time never checked.
#  File has not been updated.

out/sega.o: src/boot/sega.s out/rom_head.bin
#  Implicit rule search has not been done.
#  Modification time never checked.
#  File has not been updated.
#  recipe to execute (from 'Makefile', line 209):
	$(CC) -x assembler-with-cpp $(DEFAULT_FLAGS) -c $(SRC)/boot/sega.s -o $@

Default: release
#  Implicit rule search has not been done.
#  Modification time never checked.
#  File has not been updated.

pre-build:
#  Implicit rule search has not been done.
#  Implicit/static pattern stem: ''
#  File does not exist.
#  File has been updated.
#  Needs to be updated (-q is set).
# automatic
# @ := pre-build
# automatic
# * := 
# automatic
# < := 
# automatic
# + := 
# automatic
# % := 
# automatic
# ^ := 
# automatic
# ? := 
# automatic
# | := 
# variable set hash-table stats:
# Load=8/32=25%, Rehash=0, Collisions=1/12=8%
#  recipe to execute (from 'Makefile', line 179):
	mkdir -p $(SRC)/boot
	mkdir -p out

remake:
#  Implicit rule search has not been done.
#  Modification time never checked.
#  File has not been updated.
#  recipe to execute (from 'Makefile', line 161):
	make clean
	make

# Not a target:
.DEFAULT:
#  Implicit rule search has not been done.
#  Modification time never checked.
#  File has not been updated.

# makefile (from 'Makefile', line 124)
asm: FLAGS = $(DEFAULT_FLAGS) -O3 -fuse-linker-plugin -fno-web -fno-gcse -fno-unit-at-a-time -fomit-frame-pointer -S
asm: pre-build out/src/main.lst
#  Implicit rule search has not been done.
#  Modification time never checked.
#  File has not been updated.
# variable set hash-table stats:
# Load=1/32=3%, Rehash=0, Collisions=0/2=0%

all: release
#  Command line target.
#  Implicit rule search has been done.
#  File does not exist.
#  File has been updated.
#  Needs to be updated (-q is set).
# variable set hash-table stats:
# Load=0/32=0%, Rehash=0, Collisions=0/4=0%

Release: release
#  Implicit rule search has not been done.
#  Modification time never checked.
#  File has not been updated.

out/symbol.txt: out/rom.out
#  Implicit rule search has not been done.
#  Modification time never checked.
#  File has not been updated.
#  recipe to execute (from 'Makefile', line 202):
	$(NM) --plugin=liblto_plugin-0.dll -n out/rom.out > out/symbol.txt

cleanres: cleantmp
#  Implicit rule search has not been done.
#  Modification time never checked.
#  File has not been updated.
#  recipe to execute (from 'Makefile', line 148):
	rm -f $(RES_H) $(RES_DEP) $(RES_DEPS)

src/boot/sega.s: C:/SGDK/src/boot/sega.s
#  Implicit rule search has not been done.
#  Modification time never checked.
#  File has not been updated.
#  recipe to execute (from 'Makefile', line 194):
	cp $< $@

# Not a target:
out/src/main.o:
#  Implicit rule search has not been done.
#  Modification time never checked.
#  File has not been updated.

cleanboot:
#  Implicit rule search has not been done.
#  Modification time never checked.
#  File has not been updated.
#  recipe to execute (from 'Makefile', line 155):
	rm -rf src/boot

cleanDebug: cleandebug
#  Implicit rule search has not been done.
#  Modification time never checked.
#  File has not been updated.

out/rom.out: out/sega.o out/cmd_
#  Implicit rule search has not been done.
#  Modification time never checked.
#  File has not been updated.
#  recipe to execute (from 'Makefile', line 187):
	$(CC) -B$(BIN) -n -T $(GDK)/md.ld -nostdlib out/sega.o @out/cmd_ $(LIBMD) $(LIB)/libgcc.a -o out/rom.out -Wl,--gc-sections
	rm out/cmd_

cleanobj:
#  Implicit rule search has not been done.
#  Modification time never checked.
#  File has not been updated.
 
#  recipe to execute (from 'Makefile', line 151):
	rm -f $(OBJS) out/rom_head.bin out/*.o
	rm -rf out/res out/src

# makefile (from 'Makefile', line 115)
release: LIBMD = $(LIB)/libmd.a
# makefile (from 'Makefile', line 114)
release: FLAGS = $(DEFAULT_FLAGS) -O3 -fuse-linker-plugin -fno-web -fno-gcse -fno-unit-at-a-time -fomit-frame-pointer -flto
release: pre-build out/rom.bin out/symbol.txt
#  Implicit rule search has been done.
#  File does not exist.
#  File has been updated.
#  Needs to be updated (-q is set).
# variable set hash-table stats:
# Load=2/32=6%, Rehash=0, Collisions=1/7=14%

# Not a target:
.SUFFIXES:
#  Implicit rule search has not been done.
#  Modification time never checked.
#  File has not been updated.

.PHONY: clean
#  Implicit rule search has not been done.
#  Modification time never checked.
#  File has not been updated.

out/rom_head.o: src/boot/rom_head.c
#  Implicit rule search has not been done.
#  Modification time never checked.
#  File has not been updated.
#  recipe to execute (from 'Makefile', line 215):
	$(CC) $(DEFAULT_FLAGS) -c $< -o $@

out/rom_head.bin: out/rom_head.o
#  Implicit rule search has not been done.
#  Modification time never checked.
#  File has not been updated.
#  recipe to execute (from 'Makefile', line 212):
	$(LD) -T $(GDK)/md.ld -nostdlib --oformat binary -o $@ $<

# files hash-table stats:
# Load=44/1024=4%, Rehash=0, Collisions=2/116=2%
# VPATH Search Paths

# No 'vpath' search paths.

# No general ('VPATH' variable) search path.

# strcache buffers: 1 
 (0) / strings = 70 / storage = 674 B / avg = 9 B
# current buf: size = 8174 B / used = 674 B / count = 70 / avg = 9 B

# strcache performance: lookups = 173 / hit rate = 59%
# hash-table stats:
# Load=70/8192=1%, Rehash=0, Collisions=0/173=0%
# Finished Make data base on Mon Oct 17 23:33:07 2022

 
